app/build/outputs/mapping/release/configuration.txt
# The proguard configuration file for the following section is Android Gradle plugin 9.2.1 (extracted file: C:\Users\shaha\OneDrive\Desktop\GoldenHour\app\build\intermediates\default_proguard_files\global\proguard-android-optimize.txt-9.2.1)
# This is a configuration file for ProGuard.
# http://proguard.sourceforge.net/index.html#manual/usage.html
#
# Starting with version 2.2 of the Android plugin for Gradle, this file is distributed together with
# the plugin and unpacked at build-time. The files in $ANDROID_HOME are no longer maintained and
# will be ignored by new version of the Android plugin for Gradle.

# Optimizations: If you don't want to optimize, use the proguard-android.txt configuration file
# instead of this one, which turns off the optimization flags.
-allowaccessmodification

# Preserve some attributes that may be required for reflection.
-keepattributes AnnotationDefault,
                EnclosingMethod,
                InnerClasses,
                RuntimeVisibleAnnotations,
                RuntimeVisibleParameterAnnotations,
                RuntimeVisibleTypeAnnotations,
                Signature

-keep public class com.google.vending.licensing.ILicensingService
-keep public class com.android.vending.licensing.ILicensingService
-keep public class com.google.android.vending.licensing.ILicensingService
-dontnote com.android.vending.licensing.ILicensingService
-dontnote com.google.vending.licensing.ILicensingService
-dontnote com.google.android.vending.licensing.ILicensingService

# For native methods, see https://www.guardsquare.com/manual/configuration/examples#native
-keepclasseswithmembernames,includedescriptorclasses class * {
    native <methods>;
}

# Keep setters in Views so that animations can still work.
-keepclassmembers public class * extends android.view.View {
    void set*(***);
    *** get*();
}

# We want to keep methods in Activity that could be used in the XML attribute onClick.
-keepclassmembers class * extends android.app.Activity {
    public void *(android.view.View);
}

# For enumeration classes, see https://www.guardsquare.com/manual/configuration/examples#enumerations
-keepclassmembers enum * {
    public static **[] values();
    public static ** valueOf(java.lang.String);
}

-keepclassmembers class * implements android.os.Parcelable {
    public static final ** CREATOR;
}

# Preserve annotated Javascript interface methods.
-keepclassmembers class * {
    @android.webkit.JavascriptInterface <methods>;
}

# The support libraries contains references to newer platform versions.
# Don't warn about those in case this app is linking against an older
# platform version. We know about them, and they are safe.
-dontnote android.support.**
-dontnote androidx.**
-dontwarn android.support.**
-dontwarn androidx.**

# Understand the @Keep support annotation.
-keep class android.support.annotation.Keep

-keep @android.support.annotation.Keep class * {*;}

-keepclasseswithmembers class * {
    @android.support.annotation.Keep <methods>;
}

-keepclasseswithmembers class * {
    @android.support.annotation.Keep <fields>;
}

-keepclasseswithmembers class * {
    @android.support.annotation.Keep <init>(...);
}

# These classes are duplicated between android.jar and org.apache.http.legacy.jar.
-dontnote org.apache.http.**
-dontnote android.net.http.**

# These classes are duplicated between android.jar and core-lambda-stubs.jar.
-dontnote java.lang.invoke.**

# End of content from Android Gradle plugin 9.2.1 (extracted file: C:\Users\shaha\OneDrive\Desktop\GoldenHour\app\build\intermediates\default_proguard_files\global\proguard-android-optimize.txt-9.2.1)
# The proguard configuration file for the following section is GoldenHour\app\proguard-rules.pro
# GoldenHour has no reflection-based serialization or dynamically loaded classes.
# Keep rules intentionally minimal so R8 can optimize the release build.

# End of content from GoldenHour\app\proguard-rules.pro
# The proguard configuration file for the following section is androidx.hilt:hilt-navigation-compose:1.3.0 (extracted file: C:\Users\shaha\.gradle\caches\9.4.1\transforms\aa4358b1a1e9f35ecd4477c63a82a7e4\transformed\hilt-navigation-compose-1.3.0\proguard.txt)
# Intentionally empty proguard rules to indicate this library is safe to shrink

# End of content from androidx.hilt:hilt-navigation-compose:1.3.0 (extracted file: C:\Users\shaha\.gradle\caches\9.4.1\transforms\aa4358b1a1e9f35ecd4477c63a82a7e4\transformed\hilt-navigation-compose-1.3.0\proguard.txt)
# The proguard configuration file for the following section is androidx.hilt:hilt-lifecycle-viewmodel-compose:1.3.0 (extracted file: C:\Users\shaha\.gradle\caches\9.4.1\transforms\7fd69c0d6f3526710d8f61420166232f\transformed\hilt-lifecycle-viewmodel-compose-1.3.0\proguard.txt)
# Intentionally empty proguard rules to indicate this library is safe to shrink

# End of content from androidx.hilt:hilt-lifecycle-viewmodel-compose:1.3.0 (extracted file: C:\Users\shaha\.gradle\caches\9.4.1\transforms\7fd69c0d6f3526710d8f61420166232f\transformed\hilt-lifecycle-viewmodel-compose-1.3.0\proguard.txt)
# The proguard configuration file for the following section is androidx.hilt:hilt-lifecycle-viewmodel:1.3.0 (extracted file: C:\Users\shaha\.gradle\caches\9.4.1\transforms\589a85f673ce15f26a0377781314ae22\transformed\hilt-lifecycle-viewmodel-1.3.0\proguard.txt)
# Intentionally empty proguard rules to indicate this library is safe to shrink

# End of content from androidx.hilt:hilt-lifecycle-viewmodel:1.3.0 (extracted file: C:\Users\shaha\.gradle\caches\9.4.1\transforms\589a85f673ce15f26a0377781314ae22\transformed\hilt-lifecycle-viewmodel-1.3.0\proguard.txt)
# The proguard configuration file for the following section is com.google.dagger:hilt-android:2.59.2 (extracted file: C:\Users\shaha\.gradle\caches\9.4.1\transforms\ad0cd7ab56fd419dc6bd4d3d8144cc81\transformed\hilt-android-2.59.2\proguard.txt)
# Keep for the reflective cast done in EntryPoints.
# See b/183070411#comment4 for more info.
-keep,allowobfuscation,allowshrinking @dagger.hilt.EntryPoint class *# Keep for the reflective cast done in EntryPoints.
# See b/183070411#comment4 for more info.
-keep,allowobfuscation,allowshrinking @dagger.hilt.internal.ComponentEntryPoint class *
-keep,allowobfuscation,allowshrinking @dagger.hilt.internal.GeneratedEntryPoint class *
-keep,allowobfuscation,allowshrinking @dagger.hilt.android.EarlyEntryPoint class *
# End of content from com.google.dagger:hilt-android:2.59.2 (extracted file: C:\Users\shaha\.gradle\caches\9.4.1\transforms\ad0cd7ab56fd419dc6bd4d3d8144cc81\transformed\hilt-android-2.59.2\proguard.txt)
# The proguard configuration file for the following section is androidx.navigation:navigation-runtime-android:2.9.6 (extracted file: C:\Users\shaha\.gradle\caches\9.4.1\transforms\3e08f3ceb6e008c1e12994d198a2d80d\transformed\navigation-runtime-release\proguard.txt)
# Intentionally empty proguard rules to indicate this library is safe to shrink

# End of content from androidx.navigation:navigation-runtime-android:2.9.6 (extracted file: C:\Users\shaha\.gradle\caches\9.4.1\transforms\3e08f3ceb6e008c1e12994d198a2d80d\transformed\navigation-runtime-release\proguard.txt)
# The proguard configuration file for the following section is androidx.navigation:navigation-common-android:2.9.6 (extracted file: C:\Users\shaha\.gradle\caches\9.4.1\transforms\2b3a9c7879f469aeb4bab54b0d7f2ac9\transformed\navigation-common-release\proguard.txt)
# Copyright (C) 2019 The Android Open Source Project
#
# Licensed under the Apache License, Version 2.0 (the "License");
# you may not use this file except in compliance with the License.
# You may obtain a copy of the License at
#
#      http://www.apache.org/licenses/LICENSE-2.0
#
# Unless required by applicable law or agreed to in writing, software
# distributed under the License is distributed on an "AS IS" BASIS,
# WITHOUT WARRANTIES OR CONDITIONS OF ANY KIND, either express or implied.
# See the License for the specific language governing permissions and
# limitations under the License.

# NavArgsLazy creates NavArgs instances using reflection
-if public class ** implements androidx.navigation.NavArgs
-keepclassmembers public class <1> {
    ** fromBundle(android.os.Bundle);
}

# Retain the @Navigator.Name annotation on each subclass of Navigator.
# R8 full mode only retains annotations on items matched by a -keep rule,
# hence the extra -keep rule for the subclasses of Navigator.
#
# A -keep rule for the Navigator.Name annotation class is not required
# since the annotation is referenced from the code.
-keepattributes RuntimeVisibleAnnotations
-keep,allowobfuscation,allowshrinking class * extends androidx.navigation.Navigator

# End of content from androidx.navigation:navigation-common-android:2.9.6 (extracted file: C:\Users\shaha\.gradle\caches\9.4.1\transforms\2b3a9c7879f469aeb4bab54b0d7f2ac9\transformed\navigation-common-release\proguard.txt)
# The proguard configuration file for the following section is androidx.navigation:navigation-compose-android:2.9.6 (extracted file: C:\Users\shaha\.gradle\caches\9.4.1\transforms\97079cd5d7efa074bf0a143a9d3401aa\transformed\navigation-compose-release\proguard.txt)
# Intentionally empty proguard rules to indicate this library is safe to shrink

# End of content from androidx.navigation:navigation-compose-android:2.9.6 (extracted file: C:\Users\shaha\.gradle\caches\9.4.1\transforms\97079cd5d7efa074bf0a143a9d3401aa\transformed\navigation-compose-release\proguard.txt)
# The proguard configuration file for the following section is androidx.fragment:fragment:1.5.1 (extracted file: C:\Users\shaha\.gradle\caches\9.4.1\transforms\35d568b552f7aa90810a9b392b5d44b9\transformed\fragment-1.5.1\proguard.txt)
# Copyright (C) 2020 The Android Open Source Project
#
# Licensed under the Apache License, Version 2.0 (the "License");
# you may not use this file except in compliance with the License.
# You may obtain a copy of the License at
#
#      http://www.apache.org/licenses/LICENSE-2.0
#
# Unless required by applicable law or agreed to in writing, software
# distributed under the License is distributed on an "AS IS" BASIS,
# WITHOUT WARRANTIES OR CONDITIONS OF ANY KIND, either express or implied.
# See the License for the specific language governing permissions and
# limitations under the License.

# The default FragmentFactory creates Fragment instances using reflection
-if public class ** extends androidx.fragment.app.Fragment
-keepclasseswithmembers,allowobfuscation public class <1> {
    public <init>();
}

# End of content from androidx.fragment:fragment:1.5.1 (extracted file: C:\Users\shaha\.gradle\caches\9.4.1\transforms\35d568b552f7aa90810a9b392b5d44b9\transformed\fragment-1.5.1\proguard.txt)
# The proguard configuration file for the following section is androidx.transition:transition:1.6.0 (extracted file: C:\Users\shaha\.gradle\caches\9.4.1\transforms\1f0d306f5b799c9d3a8f6b8f046dd218\transformed\transition-1.6.0\proguard.txt)
# Copyright (C) 2017 The Android Open Source Project
#
# Licensed under the Apache License, Version 2.0 (the "License");
# you may not use this file except in compliance with the License.
# You may obtain a copy of the License at
#
#      http://www.apache.org/licenses/LICENSE-2.0
#
# Unless required by applicable law or agreed to in writing, software
# distributed under the License is distributed on an "AS IS" BASIS,
# WITHOUT WARRANTIES OR CONDITIONS OF ANY KIND, either express or implied.
# See the License for the specific language governing permissions and
# limitations under the License.

# Keep a field in transition that is used to keep a reference to weakly-referenced object
-keepclassmembers class androidx.transition.ChangeBounds$* extends android.animation.AnimatorListenerAdapter {
  androidx.transition.ChangeBounds$ViewBounds mViewBounds;
}

# End of content from androidx.transition:transition:1.6.0 (extracted file: C:\Users\shaha\.gradle\caches\9.4.1\transforms\1f0d306f5b799c9d3a8f6b8f046dd218\transformed\transition-1.6.0\proguard.txt)
# The proguard configuration file for the following section is androidx.compose.material3:material3-android:1.4.0 (extracted file: C:\Users\shaha\.gradle\caches\9.4.1\transforms\467debe3de577db7bab80fc3c4d7731d\transformed\material3\proguard.txt)
# Intentionally empty proguard rules to indicate this library is safe to shrink

# End of content from androidx.compose.material3:material3-android:1.4.0 (extracted file: C:\Users\shaha\.gradle\caches\9.4.1\transforms\467debe3de577db7bab80fc3c4d7731d\transformed\material3\proguard.txt)
# The proguard configuration file for the following section is androidx.compose.animation:animation-core-android:1.11.3 (extracted file: C:\Users\shaha\.gradle\caches\9.4.1\transforms\eb48cc341fa3f382e6fb8321966135b6\transformed\animation-core\proguard.txt)
# Copyright (C) 2020 The Android Open Source Project
#
# Licensed under the Apache License, Version 2.0 (the "License");
# you may not use this file except in compliance with the License.
# You may obtain a copy of the License at
#
#      http://www.apache.org/licenses/LICENSE-2.0
#
# Unless required by applicable law or agreed to in writing, software
# distributed under the License is distributed on an "AS IS" BASIS,
# WITHOUT WARRANTIES OR CONDITIONS OF ANY KIND, either express or implied.
# See the License for the specific language governing permissions and
# limitations under the License.

# Keep all the functions created to throw an exception. We don't want these functions to be
# inlined in any way, which R8 will do by default. The whole point of these functions is to
# reduce the amount of code generated at the call site.
-keepclassmembers,allowshrinking,allowobfuscation class androidx.compose.**.* {
    static void throw*Exception(...);
    static void throw*ExceptionForNullCheck(...);
    # For methods returning Nothing
    static java.lang.Void throw*Exception(...);
    static java.lang.Void throw*ExceptionForNullCheck(...);
}

# End of content from androidx.compose.animation:animation-core-android:1.11.3 (extracted file: C:\Users\shaha\.gradle\caches\9.4.1\transforms\eb48cc341fa3f382e6fb8321966135b6\transformed\animation-core\proguard.txt)
# The proguard configuration file for the following section is androidx.compose.animation:animation-android:1.11.3 (extracted file: C:\Users\shaha\.gradle\caches\9.4.1\transforms\5fdaa44da738d3114b074ae6ddd5762f\transformed\animation\proguard.txt)
-assumevalues class androidx.compose.animation.IsLookaheadAnimationVisualDebuggingEnabledKt {
    boolean isLookaheadAnimationVisualDebuggingEnabled return false;
}

-assumenosideeffects class * {
    static androidx.compose.animation.LookaheadAnimationVisualDebugConfig *(...) return null;
}

-assumenosideeffects class androidx.compose.animation.LookaheadAnimationVisualDebugHelperKt {
    public static void LookaheadAnimationVisualDebugging(...);
}
# End of content from androidx.compose.animation:animation-android:1.11.3 (extracted file: C:\Users\shaha\.gradle\caches\9.4.1\transforms\5fdaa44da738d3114b074ae6ddd5762f\transformed\animation\proguard.txt)
# The proguard configuration file for the following section is androidx.compose.foundation:foundation-layout-android:1.11.3 (extracted file: C:\Users\shaha\.gradle\caches\9.4.1\transforms\7fbf2fdf4c692da4b4f11706e5d27f66\transformed\foundation-layout\proguard.txt)
# Copyright (C) 2020 The Android Open Source Project
#
# Licensed under the Apache License, Version 2.0 (the "License");
# you may not use this file except in compliance with the License.
# You may obtain a copy of the License at
#
#      http://www.apache.org/licenses/LICENSE-2.0
#
# Unless required by applicable law or agreed to in writing, software
# distributed under the License is distributed on an "AS IS" BASIS,
# WITHOUT WARRANTIES OR CONDITIONS OF ANY KIND, either express or implied.
# See the License for the specific language governing permissions and
# limitations under the License.

# Keep all the functions created to throw an exception. We don't want these functions to be
# inlined in any way, which R8 will do by default. The whole point of these functions is to
# reduce the amount of code generated at the call site.
-keepclassmembers,allowshrinking,allowobfuscation class androidx.compose.**.* {
    static void throw*Exception(...);
    static void throw*ExceptionForNullCheck(...);
    # For methods returning Nothing
    static java.lang.Void throw*Exception(...);
    static java.lang.Void throw*ExceptionForNullCheck(...);
}

# End of content from androidx.compose.foundation:foundation-layout-android:1.11.3 (extracted file: C:\Users\shaha\.gradle\caches\9.4.1\transforms\7fbf2fdf4c692da4b4f11706e5d27f66\transformed\foundation-layout\proguard.txt)
# The proguard configuration file for the following section is androidx.compose.foundation:foundation-android:1.11.3 (extracted file: C:\Users\shaha\.gradle\caches\9.4.1\transforms\199f41650e1a6345206d575956ee255c\transformed\foundation\proguard.txt)
# Copyright (C) 2020 The Android Open Source Project
#
# Licensed under the Apache License, Version 2.0 (the "License");
# you may not use this file except in compliance with the License.
# You may obtain a copy of the License at
#
#      http://www.apache.org/licenses/LICENSE-2.0
#
# Unless required by applicable law or agreed to in writing, software
# distributed under the License is distributed on an "AS IS" BASIS,
# WITHOUT WARRANTIES OR CONDITIONS OF ANY KIND, either express or implied.
# See the License for the specific language governing permissions and
# limitations under the License.

# Keep all the functions created to throw an exception. We don't want these functions to be
# inlined in any way, which R8 will do by default. The whole point of these functions is to
# reduce the amount of code generated at the call site.
-keepclassmembers,allowshrinking,allowobfuscation class androidx.compose.**.* {
    static void throw*Exception(...);
    # For methods returning Nothing
    static java.lang.Void throw*Exception(...);
}


# End of content from androidx.compose.foundation:foundation-android:1.11.3 (extracted file: C:\Users\shaha\.gradle\caches\9.4.1\transforms\199f41650e1a6345206d575956ee255c\transformed\foundation\proguard.txt)
# The proguard configuration file for the following section is androidx.compose.ui:ui-unit-android:1.11.3 (extracted file: C:\Users\shaha\.gradle\caches\9.4.1\transforms\3721ed235b24ddb428afdb2ac63b2013\transformed\ui-unit\proguard.txt)
# Copyright (C) 2020 The Android Open Source Project
#
# Licensed under the Apache License, Version 2.0 (the "License");
# you may not use this file except in compliance with the License.
# You may obtain a copy of the License at
#
#      http://www.apache.org/licenses/LICENSE-2.0
#
# Unless required by applicable law or agreed to in writing, software
# distributed under the License is distributed on an "AS IS" BASIS,
# WITHOUT WARRANTIES OR CONDITIONS OF ANY KIND, either express or implied.
# See the License for the specific language governing permissions and
# limitations under the License.

# Keep all the functions created to throw an exception. We don't want these functions to be
# inlined in any way, which R8 will do by default. The whole point of these functions is to
# reduce the amount of code generated at the call site.
-keepclassmembers,allowshrinking,allowobfuscation class androidx.compose.**.* {
    static void throw*Exception(...);
    static void throw*ExceptionForNullCheck(...);
    # For methods returning Nothing
    static java.lang.Void throw*Exception(...);
    static java.lang.Void throw*ExceptionForNullCheck(...);
}

# End of content from androidx.compose.ui:ui-unit-android:1.11.3 (extracted file: C:\Users\shaha\.gradle\caches\9.4.1\transforms\3721ed235b24ddb428afdb2ac63b2013\transformed\ui-unit\proguard.txt)