app/build/outputs/mapping/release/seeds.txt
com.goldenhour.viewmodel.AlertingViewModel
com.goldenhour.viewmodel.DashboardViewModel
com.goldenhour.MainActivity
com.goldenhour.viewmodel.GoodSamaritanViewModel
com.goldenhour.GoldenHourApp
com.goldenhour.viewmodel.SOSViewModel
com.goldenhour.GoldenHourApp_GeneratedInjector
com.goldenhour.viewmodel.LanguageViewModel
com.goldenhour.viewmodel.TriageViewModel
com.goldenhour.MainActivity_GeneratedInjector
com.goldenhour.model.VictimRange: com.goldenhour.model.VictimRange[] values()
com.goldenhour.model.VictimRange: com.goldenhour.model.VictimRange valueOf(java.lang.String)
com.goldenhour.MainActivity: MainActivity()
com.goldenhour.GoldenHourApp: GoldenHourApp()
...
androidx.compose.ui.node.LayoutNode$UsageByParent: androidx.compose.ui.node.LayoutNode$UsageByParent[] values()
androidx.lifecycle.ReportFragment$LifecycleCallbacks: void onActivitySaveInstanceState(android.app.Activity,android.os.Bundle)
androidx.compose.ui.platform.AndroidComposeViewTranslationCallbackS: void setViewTranslationCallback(android.view.View)
androidx.core.view.WindowInsetsCompat$Impl28: int hashCode()
androidx.core.view.WindowInsetsCompat$BuilderImpl: WindowInsetsCompat$BuilderImpl()
androidx.compose.ui.platform.TextToolbarStatus: androidx.compose.ui.platform.TextToolbarStatus[] values()
androidx.compose.foundation.MutatePriority: androidx.compose.foundation.MutatePriority valueOf(java.lang.String)
androidx.compose.material3.tokens.TypographyKeyTokens: androidx.compose.material3.tokens.TypographyKeyTokens[] values()
androidx.compose.ui.platform.AndroidComposeView: androidx.compose.ui.input.InputModeManager getInputModeManager()
androidx.compose.ui.layout.IntrinsicMinMax: androidx.compose.ui.layout.IntrinsicMinMax[] values()
androidx.compose.ui.window.PopupLayout: void setContent(kotlin.jvm.functions.Function2)
androidx.compose.ui.platform.AndroidComposeView: androidx.compose.ui.unit.LayoutDirection getLayoutDirection()
androidx.compose.ui.input.pointer.PointerEventPass: androidx.compose.ui.input.pointer.PointerEventPass[] values()
androidx.compose.ui.platform.AndroidComposeView: void setShowLayoutBounds(boolean)
androidx.core.view.WindowInsetsCompat$BuilderImpl20: WindowInsetsCompat$BuilderImpl20(androidx.core.view.WindowInsetsCompat)
androidx.core.view.WindowInsetsCompat$BuilderImpl: void setInsets(int,androidx.core.graphics.Insets)
androidx.compose.ui.text.internal.InlineClassHelperKt: java.lang.Void throwIllegalArgumentExceptionForNullCheck(java.lang.String)
androidx.compose.ui.platform.AndroidComposeView: androidx.compose.ui.platform.AndroidComposeView$ViewTreeOwners getViewTreeOwners()
androidx.compose.ui.window.PopupLayout: void setLayoutDirection(int)
androidx.datastore.preferences.PreferencesProto$Value$ValueCase: androidx.datastore.preferences.PreferencesProto$Value$ValueCase valueOf(java.lang.String)
androidx.compose.ui.platform.AndroidComposeView: androidx.compose.ui.platform.ViewConfiguration getViewConfiguration()
androidx.window.area.reflectionguard.ExtensionWindowAreaStatusRequirements: int getWindowAreaStatus()
androidx.core.view.WindowInsetsCompat$BuilderImpl29: WindowInsetsCompat$BuilderImpl29()
androidx.core.view.WindowInsetsCompat$Impl20: androidx.core.graphics.Insets getRootStableInsets()
androidx.core.app.CoreComponentFactory: CoreComponentFactory()
androidx.compose.ui.platform.AndroidComposeView: kotlin.coroutines.CoroutineContext getCoroutineContext()
androidx.compose.ui.platform.AndroidComposeView: androidx.collection.IntObjectMap getLayoutNodes()
androidx.core.view.WindowInsetsCompat$BuilderImpl31: WindowInsetsCompat$BuilderImpl31()
androidx.core.view.WindowInsetsCompat$Impl21: androidx.core.graphics.Insets getStableInsets()
androidx.core.view.WindowInsetsCompat$BuilderImpl20: android.view.WindowInsets createWindowInsetsInstance()
androidx.compose.foundation.gestures.Orientation: androidx.compose.foundation.gestures.Orientation[] values()
androidx.datastore.preferences.protobuf.ProtoSyntax: androidx.datastore.preferences.protobuf.ProtoSyntax[] values()
androidx.graphics.path.PathIteratorPreApi34Impl: int internalPathIteratorPeek(long)
androidx.compose.ui.platform.AndroidComposeView: androidx.compose.ui.node.RootForTest$UncaughtExceptionHandler getUncaughtExceptionHandler$ui()
androidx.compose.ui.platform.AndroidComposeView: androidx.compose.ui.input.pointer.PointerIconService getPointerIconService()
androidx.compose.ui.platform.AndroidComposeView: void setAccessibilityEventBatchIntervalMillis(long)
androidx.compose.material3.tokens.MotionSchemeKeyTokens: androidx.compose.material3.tokens.MotionSchemeKeyTokens valueOf(java.lang.String)